build/app/intermediates/manifest_merge_blame_file/debug/manifest-merger-blame-debug-report.txt
1<?xml version="1.0" encoding="utf-8"?>
2<manifest xmlns:android="http://schemas.android.com/apk/res/android"
3    package="com.fasttechno.hellosenan"
4    android:versionCode="5"
5    android:versionName="1.0.5" >
6
7    <uses-sdk
8        android:minSdkVersion="21"
9        android:targetSdkVersion="33" />
10    <!--
11         Flutter needs it to communicate with the running application
12         to allow setting breakpoints, to provide hot reload, etc.
13    -->
14    <uses-permission android:name="android.permission.INTERNET" />
14-->src\main\AndroidManifest.xml:4:5-66
14-->src\main\AndroidManifest.xml:4:22-64
15    <uses-permission android:name="android.permission.ACTION_SEND" />
15-->src\main\AndroidManifest.xml:5:5-69
15-->src\main\AndroidManifest.xml:5:22-67
16    <uses-permission android:name="android.permission.ACCESS_FINE_LOCATION" />
16-->src\main\AndroidManifest.xml:6:5-79
16-->src\main\AndroidManifest.xml:6:22-76
17    <uses-permission android:name="android.permission.ACCESS_COARSE_LOCATION" />
17-->src\main\AndroidManifest.xml:7:5-81
17-->src\main\AndroidManifest.xml:7:22-78
18    <uses-permission android:name="android.permission.WRITE_EXTERNAL_STORAGE" />
18-->src\main\AndroidManifest.xml:8:5-81
18-->src\main\AndroidManifest.xml:8:22-78
19    <uses-permission android:name="android.permission.READ_EXTERNAL_STORAGE" />
19-->src\main\AndroidManifest.xml:9:5-80
19-->src\main\AndroidManifest.xml:9:22-77
20    <uses-permission android:name="android.permission.FOREGROUND_SERVICE" /> <!-- Create a unique permission for your app and use it so only your app can receive your OneSignal messages. -->
20-->[:geolocator_android] AndroidManifest.xml:7:5-77
20-->[:geolocator_android] AndroidManifest.xml:7:22-74
21    <permission
21-->[com.onesignal:OneSignal:4.8.2] AndroidManifest.xml:7:5-9:47
22        android:name="com.fasttechno.hellosenan.permission.C2D_MESSAGE"
22-->[com.onesignal:OneSignal:4.8.2] AndroidManifest.xml:8:9-63
23        android:protectionLevel="signature" />
23-->[com.onesignal:OneSignal:4.8.2] AndroidManifest.xml:9:9-44
24
25    <uses-permission android:name="com.fasttechno.hellosenan.permission.C2D_MESSAGE" /> <!-- OneSignal SDK has runtime checks Android version. -->
25-->[com.onesignal:OneSignal:4.8.2] AndroidManifest.xml:11:5-79
25-->[com.onesignal:OneSignal:4.8.2] AndroidManifest.xml:11:22-76
26    <!-- <uses-sdk tools:overrideLibrary="android.support.customtabs"/> -->
27    <!-- Required runtime permission to display notifications on Android 13 -->
28    <uses-permission android:name="android.permission.POST_NOTIFICATIONS" /> <!-- c2dm RECEIVE are basic requirements for push messages through Google's FCM -->
28-->[com.onesignal:OneSignal:4.8.2] AndroidManifest.xml:16:5-77
28-->[com.onesignal:OneSignal:4.8.2] AndroidManifest.xml:16:22-74
29    <uses-permission android:name="com.google.android.c2dm.permission.RECEIVE" /> <!-- Required, makes sure notifications are delivered on time. -->
29-->[com.onesignal:OneSignal:4.8.2] AndroidManifest.xml:18:5-82
29-->[com.onesignal:OneSignal:4.8.2] AndroidManifest.xml:18:22-79
30    <uses-permission android:name="android.permission.WAKE_LOCK" />
30-->[com.onesignal:OneSignal:4.8.2] AndroidManifest.xml:19:5-68
30-->[com.onesignal:OneSignal:4.8.2] AndroidManifest.xml:19:22-65
31    <!--
32 Required so the device vibrates on receiving a push notification.
33         Vibration settings of the device still apply.
34    -->
35    <uses-permission android:name="android.permission.VIBRATE" />
35-->[com.onesignal:OneSignal:4.8.2] AndroidManifest.xml:24:5-66
35-->[com.onesignal:OneSignal:4.8.2] AndroidManifest.xml:24:22-63
36    <uses-permission android:name="android.permission.ACCESS_NETWORK_STATE" />
36-->[com.onesignal:OneSignal:4.8.2] AndroidManifest.xml:25:5-79
36-->[com.onesignal:OneSignal:4.8.2] AndroidManifest.xml:25:22-76
37    <!--
38 Use to restore notifications the user hasn't interacted with.
39         They could be missed notifications if the user reboots their device if this isn't in place.
40    -->
41    <uses-permission android:name="android.permission.RECEIVE_BOOT_COMPLETED" /> <!-- START: ShortcutBadger -->
41-->[com.onesignal:OneSignal:4.8.2] AndroidManifest.xml:30:5-81
41-->[com.onesignal:OneSignal:4.8.2] AndroidManifest.xml:30:22-78
42    <!-- Samsung -->
43    <uses-permission android:name="com.sec.android.provider.badge.permission.READ" />
43-->[com.onesignal:OneSignal:4.8.2] AndroidManifest.xml:32:5-86
43-->[com.onesignal:OneSignal:4.8.2] AndroidManifest.xml:32:22-83
44    <uses-permission android:name="com.sec.android.provider.badge.permission.WRITE" /> <!-- HTC -->
44-->[com.onesignal:OneSignal:4.8.2] AndroidManifest.xml:33:5-87
44-->[com.onesignal:OneSignal:4.8.2] AndroidManifest.xml:33:22-84
45    <uses-permission android:name="com.htc.launcher.permission.READ_SETTINGS" />
45-->[com.onesignal:OneSignal:4.8.2] AndroidManifest.xml:34:5-81
45-->[com.onesignal:OneSignal:4.8.2] AndroidManifest.xml:34:22-78
46    <uses-permission android:name="com.htc.launcher.permission.UPDATE_SHORTCUT" /> <!-- Sony -->
46-->[com.onesignal:OneSignal:4.8.2] AndroidManifest.xml:35:5-83
46-->[com.onesignal:OneSignal:4.8.2] AndroidManifest.xml:35:22-80
47    <uses-permission android:name="com.sonyericsson.home.permission.BROADCAST_BADGE" />
47-->[com.onesignal:OneSignal:4.8.2] AndroidManifest.xml:36:5-88
47-->[com.onesignal:OneSignal:4.8.2] AndroidManifest.xml:36:22-85
48    <uses-permission android:name="com.sonymobile.home.permission.PROVIDER_INSERT_BADGE" /> <!-- Apex -->
48-->[com.onesignal:OneSignal:4.8.2] AndroidManifest.xml:37:5-92
48-->[com.onesignal:OneSignal:4.8.2] AndroidManifest.xml:37:22-89
49    <uses-permission android:name="com.anddoes.launcher.permission.UPDATE_COUNT" /> <!-- Solid -->
49-->[com.onesignal:OneSignal:4.8.2] AndroidManifest.xml:38:5-84
49-->[com.onesignal:OneSignal:4.8.2] AndroidManifest.xml:38:22-81
50    <uses-permission android:name="com.majeur.launcher.permission.UPDATE_BADGE" /> <!-- Huawei -->
50-->[com.onesignal:OneSignal:4.8.2] AndroidManifest.xml:39:5-83
50-->[com.onesignal:OneSignal:4.8.2] AndroidManifest.xml:39:22-80
51    <uses-permission android:name="com.huawei.android.launcher.permission.CHANGE_BADGE" />
51-->[com.onesignal:OneSignal:4.8.2] AndroidManifest.xml:40:5-91
51-->[com.onesignal:OneSignal:4.8.2] AndroidManifest.xml:40:22-88
52    <uses-permission android:name="com.huawei.android.launcher.permission.READ_SETTINGS" />
52-->[com.onesignal:OneSignal:4.8.2] AndroidManifest.xml:41:5-92
52-->[com.onesignal:OneSignal:4.8.2] AndroidManifest.xml:41:22-89
53    <uses-permission android:name="com.huawei.android.launcher.permission.WRITE_SETTINGS" /> <!-- ZUK -->
53-->[com.onesignal:OneSignal:4.8.2] AndroidManifest.xml:42:5-93
53-->[com.onesignal:OneSignal:4.8.2] AndroidManifest.xml:42:22-90
54    <uses-permission android:name="android.permission.READ_APP_BADGE" /> <!-- OPPO -->
54-->[com.onesignal:OneSignal:4.8.2] AndroidManifest.xml:43:5-73
54-->[com.onesignal:OneSignal:4.8.2] AndroidManifest.xml:43:22-70
55    <uses-permission android:name="com.oppo.launcher.permission.READ_SETTINGS" />
55-->[com.onesignal:OneSignal:4.8.2] AndroidManifest.xml:44:5-82
55-->[com.onesignal:OneSignal:4.8.2] AndroidManifest.xml:44:22-79
56    <uses-permission android:name="com.oppo.launcher.permission.WRITE_SETTINGS" /> <!-- EvMe -->
56-->[com.onesignal:OneSignal:4.8.2] AndroidManifest.xml:45:5-83
56-->[com.onesignal:OneSignal:4.8.2] AndroidManifest.xml:45:22-80
57    <uses-permission android:name="me.everything.badger.permission.BADGE_COUNT_READ" />
57-->[com.onesignal:OneSignal:4.8.2] AndroidManifest.xml:46:5-88
57-->[com.onesignal:OneSignal:4.8.2] AndroidManifest.xml:46:22-85
58    <uses-permission android:name="me.everything.badger.permission.BADGE_COUNT_WRITE" />
58-->[com.onesignal:OneSignal:4.8.2] AndroidManifest.xml:47:5-89
58-->[com.onesignal:OneSignal:4.8.2] AndroidManifest.xml:47:22-86
59
60    <uses-feature
60-->[com.google.android.gms:play-services-maps:18.1.0] AndroidManifest.xml:26:5-28:35
61        android:glEsVersion="0x00020000"
61-->[com.google.android.gms:play-services-maps:18.1.0] AndroidManifest.xml:27:9-41
62        android:required="true" />
62-->[com.google.android.gms:play-services-maps:18.1.0] AndroidManifest.xml:28:9-32
63
64    <queries>
64-->[com.google.android.gms:play-services-maps:18.1.0] AndroidManifest.xml:30:5-34:15
65
66        <!-- Needs to be explicitly declared on Android R+ -->
67        <package android:name="com.google.android.apps.maps" />
67-->[com.google.android.gms:play-services-maps:18.1.0] AndroidManifest.xml:33:9-64
67-->[com.google.android.gms:play-services-maps:18.1.0] AndroidManifest.xml:33:18-61
68    </queries>
69
70    <permission
70-->[androidx.core:core:1.9.0] AndroidManifest.xml:22:5-24:47
71        android:name="com.fasttechno.hellosenan.DYNAMIC_RECEIVER_NOT_EXPORTED_PERMISSION"
71-->[androidx.core:core:1.9.0] AndroidManifest.xml:23:9-81
72        android:protectionLevel="signature" />
72-->[androidx.core:core:1.9.0] AndroidManifest.xml:24:9-44
73
74    <uses-permission android:name="com.fasttechno.hellosenan.DYNAMIC_RECEIVER_NOT_EXPORTED_PERMISSION" />
74-->[androidx.core:core:1.9.0] AndroidManifest.xml:26:5-97
74-->[androidx.core:core:1.9.0] AndroidManifest.xml:26:22-94
75
76    <application
77        android:name="android.app.Application"
78        android:appComponentFactory="androidx.core.app.CoreComponentFactory"
78-->[androidx.core:core:1.9.0] AndroidManifest.xml:28:18-86
79        android:debuggable="true"
80        android:icon="@mipmap/launcher_icon"
81        android:label="Hello"
82        android:usesCleartextTraffic="true" >
83        <activity
84            android:name="com.fasttechno.hellosenan.MainActivity"
85            android:configChanges="orientation|keyboardHidden|keyboard|screenSize|smallestScreenSize|locale|layoutDirection|fontScale|screenLayout|density|uiMode"
86            android:exported="true"
87            android:hardwareAccelerated="true"
88            android:launchMode="singleTop"
89            android:theme="@style/LaunchTheme"
90            android:windowSoftInputMode="adjustResize" >
91
92            <!--
93                 Specifies an Android theme to apply to this Activity as soon as
94                 the Android process has started. This theme is visible to the user
95                 while the Flutter UI initializes. After that, this theme continues
96                 to determine the Window background behind the Flutter UI.
97            -->
98            <meta-data
99                android:name="io.flutter.embedding.android.NormalTheme"
100                android:resource="@style/NormalTheme" />
101
102            <intent-filter>
103                <action android:name="android.intent.action.MAIN" />
104
105                <category android:name="android.intent.category.LAUNCHER" />
106            </intent-filter>
107        </activity>
108        <!--
109             Don't delete the meta-data below.
110             This is used by the Flutter tool to generate GeneratedPluginRegistrant.java
111        -->
112        <meta-data
113            android:name="flutterEmbedding"
114            android:value="2" />
115        <meta-data
116            android:name="com.google.android.geo.API_KEY"
117            android:value="AIzaSyCau70J09zgSYLev1jcSO71nF2ipsR1Kio" />
118
119        <service
119-->[:geolocator_android] AndroidManifest.xml:10:9-14:56
120            android:name="com.baseflow.geolocator.GeolocatorLocationService"
120-->[:geolocator_android] AndroidManifest.xml:11:13-77
121            android:enabled="true"
121-->[:geolocator_android] AndroidManifest.xml:12:13-35
122            android:exported="false"
122-->[:geolocator_android] AndroidManifest.xml:13:13-37
123            android:foregroundServiceType="location" />
123-->[:geolocator_android] AndroidManifest.xml:14:13-53
124
125        <provider
125-->[:image_picker_android] AndroidManifest.xml:8:9-16:20
126            android:name="io.flutter.plugins.imagepicker.ImagePickerFileProvider"
126-->[:image_picker_android] AndroidManifest.xml:9:13-82
127            android:authorities="com.fasttechno.hellosenan.flutter.image_provider"
127-->[:image_picker_android] AndroidManifest.xml:10:13-74
128            android:exported="false"
128-->[:image_picker_android] AndroidManifest.xml:11:13-37
129            android:grantUriPermissions="true" >
129-->[:image_picker_android] AndroidManifest.xml:12:13-47
130            <meta-data
130-->[:image_picker_android] AndroidManifest.xml:13:13-15:75
131                android:name="android.support.FILE_PROVIDER_PATHS"
131-->[:image_picker_android] AndroidManifest.xml:14:17-67
132                android:resource="@xml/flutter_image_picker_file_paths" />
132-->[:image_picker_android] AndroidManifest.xml:15:17-72
133        </provider>
134
135        <activity
135-->[:url_launcher_android] AndroidManifest.xml:8:9-11:74
136            android:name="io.flutter.plugins.urllauncher.WebViewActivity"
136-->[:url_launcher_android] AndroidManifest.xml:9:13-74
137            android:exported="false"
137-->[:url_launcher_android] AndroidManifest.xml:10:13-37
138            android:theme="@android:style/Theme.NoTitleBar.Fullscreen" />
138-->[:url_launcher_android] AndroidManifest.xml:11:13-71
139
140        <provider
140-->[com.sangcomz:FishBun:0.11.2] AndroidManifest.xml:12:9-20:20
141            android:name="com.sangcomz.fishbun.FishBunFileProvider"
141-->[com.sangcomz:FishBun:0.11.2] AndroidManifest.xml:13:13-68
142            android:authorities="com.fasttechno.hellosenan.fishbunfileprovider"
142-->[com.sangcomz:FishBun:0.11.2] AndroidManifest.xml:14:13-71
143            android:exported="false"
143-->[com.sangcomz:FishBun:0.11.2] AndroidManifest.xml:15:13-37
144            android:grantUriPermissions="true" >
144-->[com.sangcomz:FishBun:0.11.2] AndroidManifest.xml:16:13-47
145            <meta-data
145-->[:image_picker_android] AndroidManifest.xml:13:13-15:75
146                android:name="android.support.FILE_PROVIDER_PATHS"
146-->[:image_picker_android] AndroidManifest.xml:14:17-67
147                android:resource="@xml/provider_paths" />
147-->[:image_picker_android] AndroidManifest.xml:15:17-72
148        </provider>
149
150        <activity
150-->[com.sangcomz:FishBun:0.11.2] AndroidManifest.xml:22:9-25:51
151            android:name="com.sangcomz.fishbun.ui.album.AlbumActivity"
151-->[com.sangcomz:FishBun:0.11.2] AndroidManifest.xml:23:13-71
152            android:label="@string/album"
152-->[com.sangcomz:FishBun:0.11.2] AndroidManifest.xml:24:13-42
153            android:theme="@style/FishBunTheme" />
153-->[com.sangcomz:FishBun:0.11.2] AndroidManifest.xml:25:13-48
154        <activity
154-->[com.sangcomz:FishBun:0.11.2] AndroidManifest.xml:26:9-28:51
155            android:name="com.sangcomz.fishbun.ui.picker.PickerActivity"
155-->[com.sangcomz:FishBun:0.11.2] AndroidManifest.xml:27:13-73
156            android:theme="@style/FishBunTheme" />
156-->[com.sangcomz:FishBun:0.11.2] AndroidManifest.xml:28:13-48
157        <activity
157-->[com.sangcomz:FishBun:0.11.2] AndroidManifest.xml:29:9-31:54
158            android:name="com.sangcomz.fishbun.ui.detail.DetailActivity"
158-->[com.sangcomz:FishBun:0.11.2] AndroidManifest.xml:30:13-73
159            android:theme="@style/DetailViewTheme" />
159-->[com.sangcomz:FishBun:0.11.2] AndroidManifest.xml:31:13-51
160
161        <receiver
161-->[com.onesignal:OneSignal:4.8.2] AndroidManifest.xml:50:9-61:20
162            android:name="com.onesignal.FCMBroadcastReceiver"
162-->[com.onesignal:OneSignal:4.8.2] AndroidManifest.xml:51:13-62
163            android:exported="true"
163-->[com.onesignal:OneSignal:4.8.2] AndroidManifest.xml:52:13-36
164            android:permission="com.google.android.c2dm.permission.SEND" >
164-->[com.onesignal:OneSignal:4.8.2] AndroidManifest.xml:53:13-73
165
166            <!-- High priority so OneSignal payloads can be filtered from other FCM receivers -->
167            <intent-filter android:priority="999" >
167-->[com.onesignal:OneSignal:4.8.2] AndroidManifest.xml:56:13-60:29
167-->[com.onesignal:OneSignal:4.8.2] AndroidManifest.xml:56:28-50
168                <action android:name="com.google.android.c2dm.intent.RECEIVE" />
168-->[com.onesignal:OneSignal:4.8.2] AndroidManifest.xml:57:17-81
168-->[com.onesignal:OneSignal:4.8.2] AndroidManifest.xml:57:25-78
169
170                <category android:name="com.fasttechno.hellosenan" />
170-->[com.onesignal:OneSignal:4.8.2] AndroidManifest.xml:59:17-61
170-->[com.onesignal:OneSignal:4.8.2] AndroidManifest.xml:59:27-58
171            </intent-filter>
172        </receiver>
173
174        <service
174-->[com.onesignal:OneSignal:4.8.2] AndroidManifest.xml:63:9-69:19
175            android:name="com.onesignal.HmsMessageServiceOneSignal"
175-->[com.onesignal:OneSignal:4.8.2] AndroidManifest.xml:64:13-68
176            android:exported="false" >
176-->[com.onesignal:OneSignal:4.8.2] AndroidManifest.xml:65:13-37
177            <intent-filter>
177-->[com.onesignal:OneSignal:4.8.2] AndroidManifest.xml:66:13-68:29
178                <action android:name="com.huawei.push.action.MESSAGING_EVENT" />
178-->[com.onesignal:OneSignal:4.8.2] AndroidManifest.xml:67:17-81
178-->[com.onesignal:OneSignal:4.8.2] AndroidManifest.xml:67:25-78
179            </intent-filter>
180        </service>
181
182        <activity
182-->[com.onesignal:OneSignal:4.8.2] AndroidManifest.xml:71:9-79:20
183            android:name="com.onesignal.NotificationOpenedActivityHMS"
183-->[com.onesignal:OneSignal:4.8.2] AndroidManifest.xml:72:13-71
184            android:exported="true"
184-->[com.onesignal:OneSignal:4.8.2] AndroidManifest.xml:73:13-36
185            android:noHistory="true"
185-->[com.onesignal:OneSignal:4.8.2] AndroidManifest.xml:74:13-37
186            android:theme="@android:style/Theme.Translucent.NoTitleBar" >
186-->[com.onesignal:OneSignal:4.8.2] AndroidManifest.xml:75:13-72
187            <intent-filter>
187-->[com.onesignal:OneSignal:4.8.2] AndroidManifest.xml:76:13-78:29
188                <action android:name="android.intent.action.VIEW" />
188-->[com.onesignal:OneSignal:4.8.2] AndroidManifest.xml:77:17-69
188-->[com.onesignal:OneSignal:4.8.2] AndroidManifest.xml:77:25-66
189            </intent-filter>
190        </activity>
191
192        <service
192-->[com.onesignal:OneSignal:4.8.2] AndroidManifest.xml:81:9-83:40
193            android:name="com.onesignal.FCMIntentService"
193-->[com.onesignal:OneSignal:4.8.2] AndroidManifest.xml:82:13-58
194            android:exported="false" />
194-->[com.onesignal:OneSignal:4.8.2] AndroidManifest.xml:83:13-37
195        <service
195-->[com.onesignal:OneSignal:4.8.2] AndroidManifest.xml:84:9-87:72
196            android:name="com.onesignal.FCMIntentJobService"
196-->[com.onesignal:OneSignal:4.8.2] AndroidManifest.xml:85:13-61
197            android:exported="false"
197-->[com.onesignal:OneSignal:4.8.2] AndroidManifest.xml:86:13-37
198            android:permission="android.permission.BIND_JOB_SERVICE" />
198-->[com.onesignal:OneSignal:4.8.2] AndroidManifest.xml:87:13-69
199        <service
199-->[com.onesignal:OneSignal:4.8.2] AndroidManifest.xml:88:9-91:43
200            android:name="com.onesignal.SyncService"
200-->[com.onesignal:OneSignal:4.8.2] AndroidManifest.xml:89:13-53
201            android:exported="false"
201-->[com.onesignal:OneSignal:4.8.2] AndroidManifest.xml:90:13-37
202            android:stopWithTask="true" />
202-->[com.onesignal:OneSignal:4.8.2] AndroidManifest.xml:91:13-40
203        <service
203-->[com.onesignal:OneSignal:4.8.2] AndroidManifest.xml:92:9-95:72
204            android:name="com.onesignal.SyncJobService"
204-->[com.onesignal:OneSignal:4.8.2] AndroidManifest.xml:93:13-56
205            android:exported="false"
205-->[com.onesignal:OneSignal:4.8.2] AndroidManifest.xml:94:13-37
206            android:permission="android.permission.BIND_JOB_SERVICE" />
206-->[com.onesignal:OneSignal:4.8.2] AndroidManifest.xml:95:13-69
207
208        <activity
208-->[com.onesignal:OneSignal:4.8.2] AndroidManifest.xml:97:9-100:75
209            android:name="com.onesignal.PermissionsActivity"
209-->[com.onesignal:OneSignal:4.8.2] AndroidManifest.xml:98:13-61
210            android:exported="false"
210-->[com.onesignal:OneSignal:4.8.2] AndroidManifest.xml:99:13-37
211            android:theme="@android:style/Theme.Translucent.NoTitleBar" />
211-->[com.onesignal:OneSignal:4.8.2] AndroidManifest.xml:100:13-72
212
213        <receiver
213-->[com.onesignal:OneSignal:4.8.2] AndroidManifest.xml:102:9-104:39
214            android:name="com.onesignal.NotificationDismissReceiver"
214-->[com.onesignal:OneSignal:4.8.2] AndroidManifest.xml:103:13-69
215            android:exported="true" />
215-->[com.onesignal:OneSignal:4.8.2] AndroidManifest.xml:104:13-36
216        <receiver
216-->[com.onesignal:OneSignal:4.8.2] AndroidManifest.xml:105:9-112:20
217            android:name="com.onesignal.BootUpReceiver"
217-->[com.onesignal:OneSignal:4.8.2] AndroidManifest.xml:106:13-56
218            android:exported="true" >
218-->[com.onesignal:OneSignal:4.8.2] AndroidManifest.xml:107:13-36
219            <intent-filter>
219-->[com.onesignal:OneSignal:4.8.2] AndroidManifest.xml:108:13-111:29
220                <action android:name="android.intent.action.BOOT_COMPLETED" />
220-->[com.onesignal:OneSignal:4.8.2] AndroidManifest.xml:109:17-79
220-->[com.onesignal:OneSignal:4.8.2] AndroidManifest.xml:109:25-76
221                <action android:name="android.intent.action.QUICKBOOT_POWERON" />
221-->[com.onesignal:OneSignal:4.8.2] AndroidManifest.xml:110:17-82
221-->[com.onesignal:OneSignal:4.8.2] AndroidManifest.xml:110:25-79
222            </intent-filter>
223        </receiver>
224        <receiver
224-->[com.onesignal:OneSignal:4.8.2] AndroidManifest.xml:113:9-119:20
225            android:name="com.onesignal.UpgradeReceiver"
225-->[com.onesignal:OneSignal:4.8.2] AndroidManifest.xml:114:13-57
226            android:exported="true" >
226-->[com.onesignal:OneSignal:4.8.2] AndroidManifest.xml:115:13-36
227            <intent-filter>
227-->[com.onesignal:OneSignal:4.8.2] AndroidManifest.xml:116:13-118:29
228                <action android:name="android.intent.action.MY_PACKAGE_REPLACED" />
228-->[com.onesignal:OneSignal:4.8.2] AndroidManifest.xml:117:17-84
228-->[com.onesignal:OneSignal:4.8.2] AndroidManifest.xml:117:25-81
229            </intent-filter>
230        </receiver>
231
232        <activity
232-->[com.onesignal:OneSignal:4.8.2] AndroidManifest.xml:121:9-127:75
233            android:name="com.onesignal.NotificationOpenedReceiver"
233-->[com.onesignal:OneSignal:4.8.2] AndroidManifest.xml:122:13-68
234            android:excludeFromRecents="true"
234-->[com.onesignal:OneSignal:4.8.2] AndroidManifest.xml:123:13-46
235            android:exported="true"
235-->[com.onesignal:OneSignal:4.8.2] AndroidManifest.xml:124:13-36
236            android:noHistory="true"
236-->[com.onesignal:OneSignal:4.8.2] AndroidManifest.xml:125:13-37
237            android:taskAffinity=""
237-->[com.onesignal:OneSignal:4.8.2] AndroidManifest.xml:126:13-36
238            android:theme="@android:style/Theme.Translucent.NoTitleBar" />
238-->[com.onesignal:OneSignal:4.8.2] AndroidManifest.xml:127:13-72
239        <activity
239-->[com.onesignal:OneSignal:4.8.2] AndroidManifest.xml:128:9-133:75
240            android:name="com.onesignal.NotificationOpenedReceiverAndroid22AndOlder"
240-->[com.onesignal:OneSignal:4.8.2] AndroidManifest.xml:129:13-85
241            android:excludeFromRecents="true"
241-->[com.onesignal:OneSignal:4.8.2] AndroidManifest.xml:130:13-46
242            android:exported="true"
242-->[com.onesignal:OneSignal:4.8.2] AndroidManifest.xml:131:13-36
243            android:noHistory="true"
243-->[com.onesignal:OneSignal:4.8.2] AndroidManifest.xml:132:13-37
244            android:theme="@android:style/Theme.Translucent.NoTitleBar" />
244-->[com.onesignal:OneSignal:4.8.2] AndroidManifest.xml:133:13-72
245
246        <uses-library
246-->[androidx.window:window:1.0.0-beta04] AndroidManifest.xml:25:9-27:40
247            android:name="androidx.window.extensions"
247-->[androidx.window:window:1.0.0-beta04] AndroidManifest.xml:26:13-54
248            android:required="false" />
248-->[androidx.window:window:1.0.0-beta04] AndroidManifest.xml:27:13-37
249        <uses-library
249-->[androidx.window:window:1.0.0-beta04] AndroidManifest.xml:28:9-30:40
250            android:name="androidx.window.sidecar"
250-->[androidx.window:window:1.0.0-beta04] AndroidManifest.xml:29:13-51
251            android:required="false" /> <!-- Needs to be explicitly declared on P+ -->
251-->[androidx.window:window:1.0.0-beta04] AndroidManifest.xml:30:13-37
252        <uses-library
252-->[com.google.android.gms:play-services-maps:18.1.0] AndroidManifest.xml:39:9-41:40
253            android:name="org.apache.http.legacy"
253-->[com.google.android.gms:play-services-maps:18.1.0] AndroidManifest.xml:40:13-50
254            android:required="false" />
254-->[com.google.android.gms:play-services-maps:18.1.0] AndroidManifest.xml:41:13-37
255
256        <activity
256-->[com.google.android.gms:play-services-base:18.1.0] AndroidManifest.xml:20:9-22:45
257            android:name="com.google.android.gms.common.api.GoogleApiActivity"
257-->[com.google.android.gms:play-services-base:18.1.0] AndroidManifest.xml:20:19-85
258            android:exported="false"
258-->[com.google.android.gms:play-services-base:18.1.0] AndroidManifest.xml:22:19-43
259            android:theme="@android:style/Theme.Translucent.NoTitleBar" />
259-->[com.google.android.gms:play-services-base:18.1.0] AndroidManifest.xml:21:19-78
260
261        <receiver
261-->[com.google.firebase:firebase-messaging:22.0.0] AndroidManifest.xml:28:9-35:20
262            android:name="com.google.firebase.iid.FirebaseInstanceIdReceiver"
262-->[com.google.firebase:firebase-messaging:22.0.0] AndroidManifest.xml:29:13-78
263            android:exported="true"
263-->[com.google.firebase:firebase-messaging:22.0.0] AndroidManifest.xml:30:13-36
264            android:permission="com.google.android.c2dm.permission.SEND" >
264-->[com.google.firebase:firebase-messaging:22.0.0] AndroidManifest.xml:31:13-73
265            <intent-filter>
265-->[com.google.firebase:firebase-messaging:22.0.0] AndroidManifest.xml:32:13-34:29
266                <action android:name="com.google.android.c2dm.intent.RECEIVE" />
266-->[com.onesignal:OneSignal:4.8.2] AndroidManifest.xml:57:17-81
266-->[com.onesignal:OneSignal:4.8.2] AndroidManifest.xml:57:25-78
267            </intent-filter>
268        </receiver>
269        <!--
270             FirebaseMessagingService performs security checks at runtime,
271             but set to not exported to explicitly avoid allowing another app to call it.
272        -->
273        <service
273-->[com.google.firebase:firebase-messaging:22.0.0] AndroidManifest.xml:41:9-48:19
274            android:name="com.google.firebase.messaging.FirebaseMessagingService"
274-->[com.google.firebase:firebase-messaging:22.0.0] AndroidManifest.xml:42:13-82
275            android:directBootAware="true"
275-->[com.google.firebase:firebase-messaging:22.0.0] AndroidManifest.xml:43:13-43
276            android:exported="false" >
276-->[com.google.firebase:firebase-messaging:22.0.0] AndroidManifest.xml:44:13-37
277            <intent-filter android:priority="-500" >
277-->[com.google.firebase:firebase-messaging:22.0.0] AndroidManifest.xml:45:13-47:29
277-->[com.google.firebase:firebase-messaging:22.0.0] AndroidManifest.xml:45:28-51
278                <action android:name="com.google.firebase.MESSAGING_EVENT" />
278-->[com.google.firebase:firebase-messaging:22.0.0] AndroidManifest.xml:46:17-78
278-->[com.google.firebase:firebase-messaging:22.0.0] AndroidManifest.xml:46:25-75
279            </intent-filter>
280        </service>
281        <service
281-->[com.google.firebase:firebase-messaging:22.0.0] AndroidManifest.xml:49:9-55:19
282            android:name="com.google.firebase.components.ComponentDiscoveryService"
282-->[com.google.firebase:firebase-messaging:22.0.0] AndroidManifest.xml:50:13-84
283            android:directBootAware="true"
283-->[com.google.firebase:firebase-common:20.0.0] AndroidManifest.xml:35:13-43
284            android:exported="false" >
284-->[com.google.firebase:firebase-messaging:22.0.0] AndroidManifest.xml:51:13-37
285            <meta-data
285-->[com.google.firebase:firebase-messaging:22.0.0] AndroidManifest.xml:52:13-54:85
286                android:name="com.google.firebase.components:com.google.firebase.messaging.FirebaseMessagingRegistrar"
286-->[com.google.firebase:firebase-messaging:22.0.0] AndroidManifest.xml:53:17-119
287                android:value="com.google.firebase.components.ComponentRegistrar" />
287-->[com.google.firebase:firebase-messaging:22.0.0] AndroidManifest.xml:54:17-82
288            <meta-data
288-->[com.google.firebase:firebase-datatransport:18.0.0] AndroidManifest.xml:28:13-30:85
289                android:name="com.google.firebase.components:com.google.firebase.datatransport.TransportRegistrar"
289-->[com.google.firebase:firebase-datatransport:18.0.0] AndroidManifest.xml:29:17-115
290                android:value="com.google.firebase.components.ComponentRegistrar" />
290-->[com.google.firebase:firebase-datatransport:18.0.0] AndroidManifest.xml:30:17-82
291            <meta-data
291-->[com.google.firebase:firebase-installations:17.0.0] AndroidManifest.xml:18:13-20:85
292                android:name="com.google.firebase.components:com.google.firebase.installations.FirebaseInstallationsRegistrar"
292-->[com.google.firebase:firebase-installations:17.0.0] AndroidManifest.xml:19:17-127
293                android:value="com.google.firebase.components.ComponentRegistrar" />
293-->[com.google.firebase:firebase-installations:17.0.0] AndroidManifest.xml:20:17-82
294        </service>
295